0x1000 MI ip, _start

read_line:							# s40 = input_buffer, s41 = 0x100
0x1002 MI s42, 0xa					# s42 = '\n'
0x1004 MI s43, 0x1					# s43 = 1
0x1006 MV s44, s40					# cur = input_buffer
0x1008 MV s45, s40					# end = input_buffer
0x100a AD s45, s41					# end = &input_buffer[0x100]
.loop
0x100c JQ s44, s45 -> .break		# if(cur == end) break
0x100f MV s46, p201					# c = getc()
0x1011 JQ s46, s42 -> .break		# if(c == '\n') break
0x1014 LD [s44], s46				# *cur = c
0x1016 AD s44, s43	# i += 1		# cur++
0x1018 MI ip, .loop					# continue
.break
0x101a MV s41, s44					# return cur - input_buffer
0x101c SB s41, s40
0x101e RET

0x101e MD sc4, [sp]
0x1020 MI sc3, 0x1
0x1022 SB sp, sc3
0x1024 MV ip, sc4

write_str:
0x1026 MI s42, 0x1
0x1028 MV s43, s40
0x102a AD s43, s41
.loop
0x102c JQ s40, s43 -> .end
0x102f MD p200, [s40]
0x1031 AD s40, s42
0x1033 MI ip, .loop
.end
0x1035 RET

write_line:
0x103d CALL write_str
0x1047 MI p200, 0xa
0x1049 RET

print_hex:
0x1051 MI s41, 0x0
0x1053 MI s42, 0xa
0x1055 MI s43, 0xf
0x1057 MI s44, 0x30
0x1059 MI s45, 0x37
0x105b MI p200, 0x30
0x105d MI p200, 0x78
0x105f MV s46, s40
0x1061 MI s47, 0xc
0x1063 SR s46, s47
0x1065 ND s46, s43
0x1067 JL s46, s42 -> .dontskip1
0x106a AD s46, s45
0x106c MI ip, .skip
.dontskip1
0x106e AD s46, s44
.skip1
0x1070 MV p200, s46
0x1072 MV s46, s40
0x1074 MI s47, 0x8
0x1076 SR s46, s47
0x1078 ND s46, s43
0x107a JL s46, s42 -> .dontskip2
0x107d AD s46, s45
0x107f MI ip, .skip2
.dontskip2
0x1081 AD s46, s44
.skip2
0x1083 MV p200, s46
0x1085 MV s46, s40
0x1087 MI s47, 0x4
0x1089 SR s46, s47
0x108b ND s46, s43
0x108d JL s46, s42 -> .dontskip3
0x1090 AD s46, s45
0x1092 MI ip, .skip3
.dontskip3
0x1094 AD s46, s44
.skip3
0x1096 MV p200, s46
0x1098 MV s46, s40
0x109a ND s46, s43
0x109c JL s46, s42 -> .dontskip4
0x109f AD s46, s45
0x10a1 MI ip, .skip4
.dontskip4
0x10a3 AD s46, s44
.skip4
0x10a5 MV p200, s46
0x10a7 RET

encode:
0x10af MI s43, 0x1
0x10b1 MI s44, 0x30
0x10b3 MI s45, 0x3f
0x10b5 MI s46, 0xf
0x10b7 MI s47, 0x6
0x10b9 MI s48, 0xc
0x10bb MV s49, s40
0x10bd MV s4A, s41
0x10bf MV s4B, s41
0x10c1 AD s4B, s42
0x10c3 JQ s4A, s4B -> 0x10ce
0x10c6 MD s4C, [s4A]
0x10c8 MI ip, 0x10dc
0x10ca AD s4A, s43
0x10cc MI ip, 0x10c3
0x10ce MV s40, s40
0x10d0 MV s41, s49
0x10d2 SB s41, s40
0x10d4 MD sc4, [sp]
0x10d6 MI sc3, 0x1
0x10d8 SB sp, sc3
0x10da MV ip, sc4
0x10dc MV s4D, s4C
0x10de ND s4D, s45
0x10e0 AD s4D, s44
0x10e2 LD [s49], s4D
0x10e4 AD s49, s43
0x10e6 MV s4D, s4C
0x10e8 SR s4D, s47
0x10ea ND s4D, s45
0x10ec AD s4D, s44
0x10ee LD [s49], s4D
0x10f0 AD s49, s43
0x10f2 MV s4D, s4C
0x10f4 SR s4D, s48
0x10f6 ND s4D, s46
0x10f8 AD s4D, s44
0x10fa LD [s49], s4D
0x10fc AD s49, s43
0x10fe MI ip, 0x10ca

decode_error:
0x1100 MI s44, 0x45
0x1102 MI s43, 0x4f
0x1104 MI s44, 0x45
0x1106 MI r20, 0x45
0x1108 MI s52, 0x52
0x110a MI s4F, 0x52
0x110c MI r3A, 0x20

decode:					# s40 = output pointer, s41 = input pointer, s42 = 0x1a
0x110e MI s43, 0x1		# s43 = 1
0x1110 MI s44, 0x30		# s44 = 0x30
0x1112 MI s45, 0x3f		# s45 = 0x3f
0x1114 MI s46, 0xf		# s46 = 0xf
0x1116 MI s47, 0x6		# s47 = 6
0x1118 MI s48, 0xc		# s48 = c
0x111a MV s49, s40		# s49 = output pointer
0x111c MV s4A, s40		# s4A = output pointer
0x111e AD s4A, s42		# s4A = output pointer + 0x1a
0x1120 MV s4B, s41		# s4B = input pointer
.loop_top
0x1122 JQ s49, s4A -> .finish	# if (weird addr == weird addr + 1e) return
0x1125 MI ip, .loop_body

.continue
0x1127 LD [s49], s4C
0x1129 AD s49, s43		# out++
0x112b MI ip, .loop_top

.finish
0x112d MV s40, s40
0x112f MV s41, s49
0x1131 SB s41, s40
0x1133 RET

.loop_body
0x113b MI s4C, 0x0
0x113d MD s4D, [s4B]	# s4D = in[cur]
0x113f AD s4B, s43		# cur++
0x1141 SB s4D, s44		# s4D -= 0x30
0x1143 JG s4D, s45 -> .error	# error if not 0x30 < in[cur] < 0x6f
0x1146 OR s4C, s4D
0x1148 MD s4D, [s4B]
0x114a AD s4B, s43		# cur++
0x114c SB s4D, s44
0x114e JG s4D, s45 -> .error
0x1151 SL s4D, s47
0x1153 OR s4C, s4D
0x1155 MD s4D, [s4B]
0x1157 AD s4B, s43		# cur++
0x1159 SB s4D, s44
0x115b JG s4D, s46 -> .error
0x115e SL s4D, s48
0x1160 OR s4C, s4D
0x1162 MI ip, .continue

.error
0x1164 MV r10, s4D
0x1166 AD r10, s44
0x1168 MI s40, decode_error	# "DECODE ERROR:"
0x116a MI s41, 0xe
0x116c CALL write_str
0x1176 MV p200, r10
0x1178 MI p200, 0x20
0x117a MI p200, 0x28
0x117c MV s40, r10
0x117e CALL print_hex
0x1188 MI p200, 0x29
0x118a MI p200, 0xa
0x118c HF ip, ip -> 0x118c

strcmp:
0x118f JQ s41, s43 -> .lengths_same
0x1192 MI s40, 0x0
0x1194 RET

.lengths_same
0x119c MI s44, 0x1
0x119e MV s45, s40
0x11a0 AD s45, s41	# end

.loop_cont
0x11a2 JQ s40, s45 -> .ret_true
0x11a5 MD s46, [s40]
0x11a7 MD s47, [s42]
0x11a9 JQ s46, s47 -> .continue
0x11ac MI s40, 0x0
0x11ae RET

.continue
0x11b6 AD s40, s44
0x11b8 AD s42, s44
0x11ba MI ip, .loop_cont

.ret_true
0x11bc MI s40, 0x1
0x11be RET
0x11c6 RET

add_16:
0x11ce MI sc3, 0x10
0x11d0 AD s40, sc3
0x11d2 RET

add_24:
0x11da MI sc3, 0x18
0x11dc AD s40, sc3
0x11de RET

chksum:					# s40 = important buffer, s41 = 0x19
0x11e6 MI s42, 0x0
0x11e8 MI s43, 0x0
0x11ea AD s41, s40
.loop
0x11ec JQ s40, s41 -> .end
0x11ef MD s44, [s40]	# i = *cur
0x11f1 AD s42, s44
0x11f3 AD s43, s42
0x11f5 MI sc3, 0xff00
0x11f7 ND s44, sc3
0x11f9 MI sc3, 0x8
0x11fb SR s44, sc3
0x11fd AD s43, s44
0x11ff MI sc3, 0x1
0x1201 AD s40, sc3
0x1203 MI ip, .loop

.end
0x1205 MI sc3, 0xff
0x1207 ND s42, sc3
0x1209 ND s43, sc3
0x120b MI sc3, 0x8
0x120d SL s42, sc3
0x120f MV s40, s43
0x1211 OR s40, s42	# return concat(s42, s43)
0x1213 RET

scramble:
0x121b MV s41, s40
0x121d MI sc3, 0x19
0x121f AD s41, sc3

.loop
0x1221 JQ s40, s41 -> .end
0x1224 MD s42, [s40]
0x1226 MI s45, 0x0
0x1228 MV s44, s42
0x122a MI sc3, 0xc000
0x122c ND s44, sc3
0x122e MI sc3, 0xe
0x1230 SR s44, sc3
0x1232 OR s45, s44
0x1234 MV s44, s42
0x1236 MI sc3, 0x3000
0x1238 ND s44, sc3
0x123a MI sc3, 0x2
0x123c SL s44, sc3
0x123e OR s45, s44
0x1240 MV s44, s42
0x1242 MI sc3, 0xc00
0x1244 ND s44, sc3
0x1246 MI sc3, 0x2
0x1248 SR s44, sc3
0x124a OR s45, s44
0x124c MV s44, s42
0x124e MI sc3, 0x300
0x1250 ND s44, sc3
0x1252 MI sc3, 0x4
0x1254 SL s44, sc3
0x1256 OR s45, s44
0x1258 MV s44, s42
0x125a MI sc3, 0xc0
0x125c ND s44, sc3
0x125e MI sc3, 0x4
0x1260 SL s44, sc3
0x1262 OR s45, s44
0x1264 MV s44, s42
0x1266 MI sc3, 0x30
0x1268 ND s44, sc3
0x126a MI sc3, 0x2
0x126c SR s44, sc3
0x126e OR s45, s44
0x1270 MV s44, s42
0x1272 MI sc3, 0xc
0x1274 ND s44, sc3
0x1276 MI sc3, 0x4
0x1278 SL s44, sc3
0x127a OR s45, s44
0x127c MV s44, s42
0x127e MI sc3, 0x3
0x1280 ND s44, sc3
0x1282 MI sc3, 0x4
0x1284 SL s44, sc3
0x1286 OR s45, s44
0x1288 ST [s40], s45
0x128a MI sc3, 0x1
0x128c AD s40, sc3
0x128e MI ip, .loop

.end
0x1290 MI sc3, 0x19
0x1292 SB s40, sc3
0x1294 RET

_start:
0x129c CALL main
0x12a6 HF ip, ip -> 0x12a6

main:
0x12a9 MI s40, 0x1351
0x12ab MI s41, 0xa
0x12ad CALL write_str
0x12b7 MI s40, input_buffer
0x12b9 MI s41, 0x100
0x12bb CALL read_line
0x12c5 ST [[data_0_addr]], s41	# huge fucking red herring?????
0x12c7 MI sc3, 0x4e
0x12c9 JQ sc3, s41 -> length_good
0x12cc MI s40, 0x135b
0x12ce MI s41, 0x17
0x12d0 CALL write_line
0x12da HF ip, ip -> 0x12da

length_good:
0x12dd MI s40, checksum
0x12df MI s41, input_buffer
0x12e1 MI s42, 0x1a
0x12e3 CALL decode
0x12ed MI s40, username
0x12ef CALL scramble
0x12f9 CALL verify_chksum
0x1303 MI sc3, 0x10			# off by two!
0x1305 JL sc3, [func_index] -> .bad_index
0x1308 MI s40, data_1_addr
0x130a AD s40, [func_index]
0x130c MD ip, [s40]
0x130e RET

.bad_index
0x1316 MI s40, 0x1388
0x1318 MI s41, 0x16
0x131a CALL write_line	# "BAD INDEX, TERMINATING"
0x1324 HF ip, ip -> 0x1324

verify_chksum:
0x1327 MI s40, username
0x1329 MI s41, 0x19
0x132b CALL chksum
0x1335 JQ s40, [checksum] -> .okay
0x1338 MI s40, 0x1372
0x133a MI s41, 0x16
0x133c CALL write_line	# "BAD CKSUM"
0x1346 HF ip, ip -> 0x1346
.okay
0x1349 RET

password_prompt:
0x1351 STRING "PASSWORD: "
STRING "BAD LENGTH, TERMINATING"
STRING "BAD CKSUM, TERMINATING"
STRING "BAD INDEX, TERMINATING"

input_buffer:
0x139e DATA 0x0
0x139f MI ip, 0x0
0x13a1 MI ip, 0x0
0x13a3 MI ip, 0x0
0x13a5 MI ip, 0x0
0x13a7 MI ip, 0x0
0x13a9 MI ip, 0x0
0x13ab MI ip, 0x0
0x13ad MI ip, 0x0
0x13af MI ip, 0x0
0x13b1 MI ip, 0x0
0x13b3 MI ip, 0x0
0x13b5 MI ip, 0x0
0x13b7 MI ip, 0x0
0x13b9 MI ip, 0x0
0x13bb MI ip, 0x0
0x13bd MI ip, 0x0
0x13bf MI ip, 0x0
0x13c1 MI ip, 0x0
0x13c3 MI ip, 0x0
0x13c5 MI ip, 0x0
0x13c7 MI ip, 0x0
0x13c9 MI ip, 0x0
0x13cb MI ip, 0x0
0x13cd MI ip, 0x0
0x13cf MI ip, 0x0
0x13d1 MI ip, 0x0
0x13d3 MI ip, 0x0
0x13d5 MI ip, 0x0
0x13d7 MI ip, 0x0
0x13d9 MI ip, 0x0
0x13db MI ip, 0x0
0x13dd MI ip, 0x0
0x13df MI ip, 0x0
0x13e1 MI ip, 0x0
0x13e3 MI ip, 0x0
0x13e5 MI ip, 0x0
0x13e7 MI ip, 0x0
0x13e9 MI ip, 0x0
0x13eb MI ip, 0x0
0x13ed MI ip, 0x0
0x13ef MI ip, 0x0
0x13f1 MI ip, 0x0
0x13f3 MI ip, 0x0
0x13f5 MI ip, 0x0
0x13f7 MI ip, 0x0
0x13f9 MI ip, 0x0
0x13fb MI ip, 0x0
0x13fd MI ip, 0x0
0x13ff MI ip, 0x0
0x1401 MI ip, 0x0
0x1403 MI ip, 0x0
0x1405 MI ip, 0x0
0x1407 MI ip, 0x0
0x1409 MI ip, 0x0
0x140b MI ip, 0x0
0x140d MI ip, 0x0
0x140f MI ip, 0x0
0x1411 MI ip, 0x0
0x1413 MI ip, 0x0
0x1415 MI ip, 0x0
0x1417 MI ip, 0x0
0x1419 MI ip, 0x0
0x141b MI ip, 0x0
0x141d MI ip, 0x0
0x141f MI ip, 0x0
0x1421 MI ip, 0x0
0x1423 MI ip, 0x0
0x1425 MI ip, 0x0
0x1427 MI ip, 0x0
0x1429 MI ip, 0x0
0x142b MI ip, 0x0
0x142d MI ip, 0x0
0x142f MI ip, 0x0
0x1431 MI ip, 0x0
0x1433 MI ip, 0x0
0x1435 MI ip, 0x0
0x1437 MI ip, 0x0
0x1439 MI ip, 0x0
0x143b MI ip, 0x0
0x143d MI ip, 0x0
0x143f MI ip, 0x0
0x1441 MI ip, 0x0
0x1443 MI ip, 0x0
0x1445 MI ip, 0x0
0x1447 MI ip, 0x0
0x1449 MI ip, 0x0
0x144b MI ip, 0x0
0x144d MI ip, 0x0
0x144f MI ip, 0x0
0x1451 MI ip, 0x0
0x1453 MI ip, 0x0
0x1455 MI ip, 0x0
0x1457 MI ip, 0x0
0x1459 MI ip, 0x0
0x145b MI ip, 0x0
0x145d MI ip, 0x0
0x145f MI ip, 0x0
0x1461 MI ip, 0x0
0x1463 MI ip, 0x0
0x1465 MI ip, 0x0
0x1467 MI ip, 0x0
0x1469 MI ip, 0x0
0x146b MI ip, 0x0
0x146d MI ip, 0x0
0x146f MI ip, 0x0
0x1471 MI ip, 0x0
0x1473 MI ip, 0x0
0x1475 MI ip, 0x0
0x1477 MI ip, 0x0
0x1479 MI ip, 0x0
0x147b MI ip, 0x0
0x147d MI ip, 0x0
0x147f MI ip, 0x0
0x1481 MI ip, 0x0
0x1483 MI ip, 0x0
0x1485 MI ip, 0x0
0x1487 MI ip, 0x0
0x1489 MI ip, 0x0
0x148b MI ip, 0x0
0x148d MI ip, 0x0
0x148f MI ip, 0x0
0x1491 MI ip, 0x0
0x1493 MI ip, 0x0
0x1495 MI ip, 0x0
0x1497 MI ip, 0x0
0x1499 MI ip, 0x0
0x149b MI ip, 0x0
0x149d DATA 0x0

data_0:
0x149e DATA 0x0

data_0_addr:
0x149f DATA data_0

data_1_addr:
0x14a0 DATA data_1
data_2_addr:
0x14a1 DATA data_2
data_3_addr:
0x14a2 DATA data_3
data_4_addr:
0x14a3 DATA data_4
data_5_addr:
0x14a4 DATA data_5
data_6_addr:
0x14a5 DATA data_6
data_7_addr:
0x14a6 DATA data_7
data_8_addr:
0x14a7 DATA data_8
data_9_addr:
0x14a8 DATA data_9
data_a_addr:
0x14a9 DATA data_a
data_b_addr:
0x14aa DATA data_b
data_c_addr:
0x14ab DATA data_c
data_d_addr:
0x14ac DATA data_d
data_e_addr:
0x14ad DATA data_e
data_f_addr:
0x14ae DATA data_f

checksum:
0x14af DATA 0x0

username:
0x14b0 DATA 0x0
0x14b1 DATA 0x0
0x14b2 DATA 0x0
0x14b3 DATA 0x0
0x14b4 DATA 0x0
0x14b5 DATA 0x0
0x14b6 DATA 0x0
0x14b7 DATA 0x0
0x14b8 DATA 0x0
0x14b9 DATA 0x0
0x14ba DATA 0x0
0x14bb DATA 0x0
0x14bb DATA 0x0
0x14bd DATA 0x0
0x14be DATA 0x0
0x14bf DATA 0x0

password:
0x14c0 DATA 0x0
0x14c1 DATA 0x0
0x14c2 DATA 0x0
0x14c3 DATA 0x0
0x14c4 DATA 0x0
0x14c5 DATA 0x0
0x14c6 DATA 0x0
0x14c7 DATA 0x0

func_index:
0x14c8 DATA 0x0

bad_creds:
0x14c9 MI s40, 0x1666
0x14cb MI s41, 0x2e
0x14cd CALL write_line	# "that username and password are not recognized"
0x14d7 HF ip, ip -> 0x14d7

data_1:
0x14da MI s40, 0x16ed
0x14dc MI s41, 0x58
0x14de CALL write_line	# "A C program is like"
0x14e8 HF ip, ip -> 0x14e8

data_2:
0x14eb MI s40, 0x16ed
0x14ed MI s41, 0x58
0x14ef CALL write_line	# "A C program is like"
0x14f9 HF ip, ip -> 0x14f9

data_3:
0x14fc MI s40, 0x1745
0x14fe MI s41, 0x63
0x1500 CALL write_line	# "FORTRAN is not a flower"
0x150a HF ip, ip -> 0x150a

data_4:
0x150d MI s40, username
0x150f MI s41, 0xf
0x1511 MI s42, 0x17c7	# "ubsan and Hyper"
0x1513 MI s43, 0xf
0x1515 CALL strcmp
0x151f JQ s40, r12 -> bad_creds
0x1522 MI s40, password
0x1524 MI s41, 0x8
0x1526 MI s42, 0x17d6	# "hopulike"
0x1528 MI s43, 0x8
0x152a CALL strcmp
0x1534 JQ s40, r12 -> bad_creds
0x1537 MI s40, 0x17a8
0x1539 MI s41, 0x1f
0x153b CALL write_line	# "we hope you enjoy this problem"
0x1545 HF ip, ip -> 0x1545

data_5:
0x1548 MI s40, 0x17de
0x154a MI s41, 0x36
0x154c CALL write_line	# "C++: an octopus"
0x1556 HF ip, ip -> 0x1556

data_6:
0x1559 MI s40, 0x1814
0x155b MI s41, 0x4d
0x155d CALL write_line	# "Perl: the only language"
0x1567 HF ip, ip -> 0x1567

data_7:
0x156a MI s40, 0x1861
0x156c MI s41, 0x78
0x156e CALL write_line	# sick rust burn
0x1578 HF ip, ip -> 0x1578

data_8:
0x157b MI s40, 0x18d9
0x157d MI s41, 0x3c
0x157f CALL write_line	# sick go burn
0x1589 HF ip, ip -> 0x1589

data_9:
0x158c MI s40, 0x1915
0x158e MI s41, 0x5a
0x1590 CALL write_line	# sick java burn
0x159a HF ip, ip -> 0x159a

data_a:
0x159d MI s40, 0x196f
0x159f MI s41, 0xa1
0x15a1 CALL write_line	# sick php burn
0x15ab HF ip, ip -> 0x15ab

data_b:
0x15ae MI s40, 0x1a10
0x15b0 MI s41, 0x3a
0x15b2 CALL write_line	# sick lisp burn
0x15bc HF ip, ip -> 0x15bc

data_c:
0x15bf MI s40, 0x1a4a
0x15c1 MI s41, 0x44
0x15c3 CALL write_line	# sick javascript burn
0x15cd HF ip, ip -> 0x15cd

data_d:
0x15d0 MI s40, username
0x15d2 MI s41, 0x10
0x15d4 MI s42, 0x1a8e	# "President Skroob"
0x15d6 MI s43, 0x10
0x15d8 CALL strcmp
0x15e2 JQ s40, r12 -> bad_creds
0x15e5 MI s40, password
0x15e7 MI s41, 0x5
0x15e9 MI s42, 0x1a9e	# "12345"
0x15eb MI s43, 0x5
0x15ed CALL strcmp
0x15f7 JQ s40, r12 -> bad_creds
0x15fa MI s40, 0x162d
0x15fc MI s41, 0x22
0x15fe CALL write_line	# "flag{XXXXXXXXXXXXXXXXXXX}"
0x1608 HF ip, ip -> 0x1608

data_e:
0x160b MI s40, 0x1aa3
0x160d MI s41, 0x64
0x160f CALL write_line	# sick cobol burn
0x1619 HF ip, ip -> 0x1619

data_f:
0x161c MI s40, 0x1b07
0x161e MI s41, 0x6e
0x1620 CALL write_line	# sick python burn
0x162a HF ip, ip -> 0x162a

0x162d MI s66, 0x6c
0x162f MI s61, 0x67
0x1631 MI s7B, 0x58
0x1633 MI s58, 0x58
0x1635 MI s58, 0x58
0x1637 MI s58, 0x58
0x1639 MI s58, 0x58
0x163b MI s58, 0x58
0x163d MI s58, 0x58
0x163f MI s58, 0x58
0x1641 MI s58, 0x58
0x1643 MI s58, 0x58
0x1645 MI s58, 0x58
0x1647 MI s58, 0x58
0x1649 MI s58, 0x58
0x164b MI s58, 0x58
0x164d MI s58, 0x7d
0x164f MI s66, 0x6c
0x1651 MI s61, 0x67
0x1653 MI s7B, 0x58
0x1655 MI s58, 0x58
0x1657 MI s58, 0x58
0x1659 MI s58, 0x58
0x165b MI s58, 0x58
0x165d MI s58, 0x58
0x165f MI s58, 0x58
0x1661 MI s58, 0x58
0x1663 MI s58, 0x58
0x1665 MI s7D, 0x54
0x1667 MI s68, 0x61
0x1669 MI s74, 0x20
0x166b MI s75, 0x73
0x166d MI s65, 0x72
0x166f MI s6E, 0x61
0x1671 MI s6D, 0x65
0x1673 MI r20, 0x61
0x1675 MI s6E, 0x64
0x1677 MI r20, 0x70
0x1679 MI s61, 0x73
0x167b MI s73, 0x77
0x167d MI s6F, 0x72
0x167f MI s64, 0x20
0x1681 MI s61, 0x72
0x1683 MI s65, 0x20
0x1685 MI s6E, 0x6f
0x1687 MI s74, 0x20
0x1689 MI s72, 0x65
0x168b MI s63, 0x6f
0x168d MI s67, 0x6e
0x168f MI s69, 0x7a
0x1691 MI s65, 0x64
0x1693 MI r2E, 0x57
0x1695 MI s65, 0x6c
0x1697 MI s63, 0x6f
0x1699 MI s6D, 0x65
0x169b MI r20, 0x74
0x169d MI s6F, 0x20
0x169f MI s74, 0x68
0x16a1 MI s65, 0x20
0x16a3 MI s43, 0x59
0x16a5 MI s42, 0x45
0x16a7 MI s52, 0x54
0x16a9 MI s52, 0x4f
0x16ab MI s4E, 0x49
0x16ad MI s58, 0x36
0x16af MI r34, 0x4b
0x16b1 MI r2E, 0x20
0x16b3 MI s41, 0x66
0x16b5 MI s74, 0x65
0x16b7 MI s72, 0x20
0x16b9 MI r34, 0x30
0x16bb MI r20, 0x79
0x16bd MI s65, 0x61
0x16bf MI s72, 0x73
0x16c1 MI r20, 0x69
0x16c3 MI s6E, 0x20
0x16c5 MI s6D, 0x79
0x16c7 MI r20, 0x63
0x16c9 MI s6C, 0x6f
0x16cb MI s73, 0x65
0x16cd MI s74, 0x2c
0x16cf MI r20, 0x49
0x16d1 MI r20, 0x68
0x16d3 MI s6F, 0x70
0x16d5 MI s65, 0x20
0x16d7 MI s69, 0x74
0x16d9 MI r20, 0x77
0x16db MI s61, 0x73
0x16dd MI r20, 0x77
0x16df MI s6F, 0x72
0x16e1 MI s74, 0x68
0x16e3 MI r20, 0x74
0x16e5 MI s68, 0x65
0x16e7 MI r20, 0x77
0x16e9 MI s61, 0x69
0x16eb MI s74, 0x2e
0x16ed MI s41, 0x20
0x16ef MI s43, 0x20
0x16f1 MI s70, 0x72
0x16f3 MI s6F, 0x67
0x16f5 MI s72, 0x61
0x16f7 MI s6D, 0x20
0x16f9 MI s69, 0x73
0x16fb MI r20, 0x6c
0x16fd MI s69, 0x6b
0x16ff MI s65, 0x20
0x1701 MI s61, 0x20
0x1703 MI s66, 0x61
0x1705 MI s73, 0x74
0x1707 MI r20, 0x64
0x1709 MI s61, 0x6e
0x170b MI s63, 0x65
0x170d MI r20, 0x6f
0x170f MI s6E, 0x20
0x1711 MI s61, 0x20
0x1713 MI s6E, 0x65
0x1715 MI s77, 0x6c
0x1717 MI s79, 0x20
0x1719 MI s77, 0x61
0x171b MI s78, 0x65
0x171d MI s64, 0x20
0x171f MI s64, 0x61
0x1721 MI s6E, 0x63
0x1723 MI s65, 0x20
0x1725 MI s66, 0x6c
0x1727 MI s6F, 0x6f
0x1729 MI s72, 0x20
0x172b MI s62, 0x79
0x172d MI r20, 0x70
0x172f MI s65, 0x6f
0x1731 MI s70, 0x6c
0x1733 MI s65, 0x20
0x1735 MI s63, 0x61
0x1737 MI s72, 0x72
0x1739 MI s79, 0x69
0x173b MI s6E, 0x67
0x173d MI r20, 0x72
0x173f MI s61, 0x7a
0x1741 MI s6F, 0x72
0x1743 MI s73, 0x2e
0x1745 MI s46, 0x4f
0x1747 MI s52, 0x54
0x1749 MI s52, 0x41
0x174b MI s4E, 0x20
0x174d MI s69, 0x73
0x174f MI r20, 0x6e
0x1751 MI s6F, 0x74
0x1753 MI r20, 0x61
0x1755 MI r20, 0x66
0x1757 MI s6C, 0x6f
0x1759 MI s77, 0x65
0x175b MI s72, 0x20
0x175d MI s62, 0x75
0x175f MI s74, 0x20
0x1761 MI s61, 0x20
0x1763 MI s77, 0x65
0x1765 MI s65, 0x64
0x1767 MI r20, 0x2d
0x1769 MI r20, 0x69
0x176b MI s74, 0x20
0x176d MI s69, 0x73
0x176f MI r20, 0x68
0x1771 MI s61, 0x72
0x1773 MI s64, 0x79
0x1775 MI r2C, 0x20
0x1777 MI s6F, 0x63
0x1779 MI s63, 0x61
0x177b MI s73, 0x69
0x177d MI s6F, 0x6e
0x177f MI s61, 0x6c
0x1781 MI s6C, 0x79
0x1783 MI r20, 0x62
0x1785 MI s6C, 0x6f
0x1787 MI s6F, 0x6d
0x1789 MI s73, 0x2c
0x178b MI r20, 0x61
0x178d MI s6E, 0x64
0x178f MI r20, 0x67
0x1791 MI s72, 0x6f
0x1793 MI s77, 0x73
0x1795 MI r20, 0x69
0x1797 MI s6E, 0x20
0x1799 MI s65, 0x76
0x179b MI s65, 0x72
0x179d MI s79, 0x20
0x179f MI s63, 0x6f
0x17a1 MI s6D, 0x70
0x17a3 MI s75, 0x74
0x17a5 MI s65, 0x72
0x17a7 MI r2E, 0x57
0x17a9 MI s65, 0x20
0x17ab MI s68, 0x6f
0x17ad MI s70, 0x65
0x17af MI r20, 0x79
0x17b1 MI s6F, 0x75
0x17b3 MI r20, 0x65
0x17b5 MI s6E, 0x6a
0x17b7 MI s6F, 0x79
0x17b9 MI r20, 0x74
0x17bb MI s68, 0x69
0x17bd MI s73, 0x20
0x17bf MI s70, 0x72
0x17c1 MI s6F, 0x62
0x17c3 MI s6C, 0x65
0x17c5 MI s6D, 0x21
0x17c7 MI s75, 0x62
0x17c9 MI s73, 0x61
0x17cb MI s6E, 0x20
0x17cd MI s61, 0x6e
0x17cf MI s64, 0x20
0x17d1 MI s48, 0x79
0x17d3 MI s70, 0x65
0x17d5 MI s72, 0x68
0x17d7 MI s6F, 0x70
0x17d9 MI s75, 0x6c
0x17db MI s69, 0x6b
0x17dd MI s65, 0x43
0x17df MI r2B, 0x2b
0x17e1 MI r3A, 0x20
0x17e3 MI s61, 0x6e
0x17e5 MI r20, 0x6f
0x17e7 MI s63, 0x74
0x17e9 MI s6F, 0x70
0x17eb MI s75, 0x73
0x17ed MI r20, 0x6d
0x17ef MI s61, 0x64
0x17f1 MI s65, 0x20
0x17f3 MI s62, 0x79
0x17f5 MI r20, 0x6e
0x17f7 MI s61, 0x69
0x17f9 MI s6C, 0x69
0x17fb MI s6E, 0x67
0x17fd MI r20, 0x65
0x17ff MI s78, 0x74
0x1801 MI s72, 0x61
0x1803 MI r20, 0x6c
0x1805 MI s65, 0x67
0x1807 MI s73, 0x20
0x1809 MI s6F, 0x6e
0x180b MI s74, 0x6f
0x180d MI r20, 0x61
0x180f MI r20, 0x64
0x1811 MI s6F, 0x67
0x1813 MI r2E, 0x50
0x1815 MI s65, 0x72
0x1817 MI s6C, 0x20
0x1819 MI r2D, 0x20
0x181b MI s54, 0x68
0x181d MI s65, 0x20
0x181f MI s6F, 0x6e
0x1821 MI s6C, 0x79
0x1823 MI r20, 0x6c
0x1825 MI s61, 0x6e
0x1827 MI s67, 0x75
0x1829 MI s61, 0x67
0x182b MI s65, 0x20
0x182d MI s74, 0x68
0x182f MI s61, 0x74
0x1831 MI r20, 0x6c
0x1833 MI s6F, 0x6f
0x1835 MI s6B, 0x73
0x1837 MI r20, 0x74
0x1839 MI s68, 0x65
0x183b MI r20, 0x73
0x183d MI s61, 0x6d
0x183f MI s65, 0x20
0x1841 MI s62, 0x65
0x1843 MI s66, 0x6f
0x1845 MI s72, 0x65
0x1847 MI r20, 0x61
0x1849 MI s6E, 0x64
0x184b MI r20, 0x61
0x184d MI s66, 0x74
0x184f MI s65, 0x72
0x1851 MI r20, 0x52
0x1853 MI s53, 0x41
0x1855 MI r20, 0x65
0x1857 MI s6E, 0x63
0x1859 MI s72, 0x79
0x185b MI s70, 0x74
0x185d MI s69, 0x6f
0x185f MI s6E, 0x2e
0x1861 MI s49, 0x20
0x1863 MI s68, 0x61
0x1865 MI s64, 0x20
0x1867 MI s61, 0x20
0x1869 MI s70, 0x72
0x186b MI s6F, 0x62
0x186d MI s6C, 0x65
0x186f MI s6D, 0x2c
0x1871 MI r20, 0x73
0x1873 MI s6F, 0x20
0x1875 MI s49, 0x20
0x1877 MI s74, 0x68
0x1879 MI s6F, 0x75
0x187b MI s67, 0x68
0x187d MI s74, 0x20
0x187f MI s49, 0x27
0x1881 MI s64, 0x20
0x1883 MI s75, 0x73
0x1885 MI s65, 0x20
0x1887 MI s52, 0x75
0x1889 MI s73, 0x74
0x188b MI r2E, 0x20
0x188d MI s4E, 0x6f
0x188f MI s77, 0x20
0x1891 MI s49, 0x20
0x1893 MI s68, 0x61
0x1895 MI s76, 0x65
0x1897 MI r20, 0x26
0x1899 MI r27, 0x61
0x189b MI r20, 0x26
0x189d MI r27, 0x62
0x189f MI r20, 0x6d
0x18a1 MI s75, 0x74
0x18a3 MI r20, 0x50
0x18a5 MI s72, 0x6f
0x18a7 MI s62, 0x6c
0x18a9 MI s65, 0x6d
0x18ab MI r20, 0x74
0x18ad MI s68, 0x61
0x18af MI s74, 0x20
0x18b1 MI s49, 0x20
0x18b3 MI s63, 0x61
0x18b5 MI s6E, 0x6e
0x18b7 MI s6F, 0x74
0x18b9 MI r20, 0x6d
0x18bb MI s6F, 0x76
0x18bd MI s65, 0x20
0x18bf MI s6F, 0x75
0x18c1 MI s74, 0x20
0x18c3 MI s6F, 0x66
0x18c5 MI r20, 0x61
0x18c7 MI r20, 0x62
0x18c9 MI s6F, 0x72
0x18cb MI s72, 0x6f
0x18cd MI s77, 0x65
0x18cf MI s64, 0x20
0x18d1 MI s63, 0x6f
0x18d3 MI s6E, 0x74
0x18d5 MI s65, 0x78
0x18d7 MI s74, 0x2e
0x18d9 MI s47, 0x6f
0x18db MI r20, 0x69
0x18dd MI s73, 0x20
0x18df MI s6E, 0x6f
0x18e1 MI s74, 0x20
0x18e3 MI s61, 0x20
0x18e5 MI s67, 0x6f
0x18e7 MI s6F, 0x64
0x18e9 MI r20, 0x6c
0x18eb MI s61, 0x6e
0x18ed MI s67, 0x75
0x18ef MI s61, 0x67
0x18f1 MI s65, 0x2e
0x18f3 MI r20, 0x49
0x18f5 MI s74, 0x27
0x18f7 MI s73, 0x20
0x18f9 MI s6E, 0x6f
0x18fb MI s74, 0x20
0x18fd MI s62, 0x61
0x18ff MI s64, 0x3b
0x1901 MI r20, 0x69
0x1903 MI s74, 0x27
0x1905 MI s73, 0x20
0x1907 MI s6A, 0x75
0x1909 MI s73, 0x74
0x190b MI r20, 0x6e
0x190d MI s6F, 0x74
0x190f MI r20, 0x67
0x1911 MI s6F, 0x6f
0x1913 MI s64, 0x2e
0x1915 MI s49, 0x66
0x1917 MI r20, 0x4a
0x1919 MI s61, 0x76
0x191b MI s61, 0x20
0x191d MI s68, 0x61
0x191f MI s64, 0x20
0x1921 MI s74, 0x72
0x1923 MI s75, 0x65
0x1925 MI r20, 0x67
0x1927 MI s61, 0x72
0x1929 MI s62, 0x61
0x192b MI s67, 0x65
0x192d MI r20, 0x63
0x192f MI s6F, 0x6c
0x1931 MI s6C, 0x65
0x1933 MI s63, 0x74
0x1935 MI s69, 0x6f
0x1937 MI s6E, 0x2c
0x1939 MI r20, 0x6d
0x193b MI s6F, 0x73
0x193d MI s74, 0x20
0x193f MI s70, 0x72
0x1941 MI s6F, 0x67
0x1943 MI s72, 0x61
0x1945 MI s6D, 0x73
0x1947 MI r20, 0x77
0x1949 MI s6F, 0x75
0x194b MI s6C, 0x64
0x194d MI r20, 0x64
0x194f MI s65, 0x6c
0x1951 MI s65, 0x74
0x1953 MI s65, 0x20
0x1955 MI s74, 0x68
0x1957 MI s65, 0x6d
0x1959 MI s73, 0x65
0x195b MI s6C, 0x76
0x195d MI s65, 0x73
0x195f MI r20, 0x75
0x1961 MI s70, 0x6f
0x1963 MI s6E, 0x20
0x1965 MI s65, 0x78
0x1967 MI s65, 0x63
0x1969 MI s75, 0x74
0x196b MI s69, 0x6f
0x196d MI s6E, 0x2e
0x196f MI s50, 0x48
0x1971 MI s50, 0x20
0x1973 MI s69, 0x73
0x1975 MI r20, 0x62
0x1977 MI s75, 0x69
0x1979 MI s6C, 0x74
0x197b MI r20, 0x74
0x197d MI s6F, 0x20
0x197f MI s6B, 0x65
0x1981 MI s65, 0x70
0x1983 MI r20, 0x63
0x1985 MI s68, 0x75
0x1987 MI s67, 0x67
0x1989 MI s69, 0x6e
0x198b MI s67, 0x20
0x198d MI s61, 0x6c
0x198f MI s6F, 0x6e
0x1991 MI s67, 0x20
0x1993 MI s61, 0x74
0x1995 MI r20, 0x61
0x1997 MI s6C, 0x6c
0x1999 MI r20, 0x63
0x199b MI s6F, 0x73
0x199d MI s74, 0x73
0x199f MI r2E, 0x20
0x19a1 MI s57, 0x68
0x19a3 MI s65, 0x6e
0x19a5 MI r20, 0x66
0x19a7 MI s61, 0x63
0x19a9 MI s65, 0x64
0x19ab MI r20, 0x77
0x19ad MI s69, 0x74
0x19af MI s68, 0x20
0x19b1 MI s65, 0x69
0x19b3 MI s74, 0x68
0x19b5 MI s65, 0x72
0x19b7 MI r20, 0x64
0x19b9 MI s6F, 0x69
0x19bb MI s6E, 0x67
0x19bd MI r20, 0x73
0x19bf MI s6F, 0x6d
0x19c1 MI s65, 0x74
0x19c3 MI s68, 0x69
0x19c5 MI s6E, 0x67
0x19c7 MI r20, 0x6e
0x19c9 MI s6F, 0x6e
0x19cb MI s73, 0x65
0x19cd MI s6E, 0x73
0x19cf MI s69, 0x63
0x19d1 MI s61, 0x6c
0x19d3 MI r20, 0x6f
0x19d5 MI s72, 0x20
0x19d7 MI s61, 0x62
0x19d9 MI s6F, 0x72
0x19db MI s74, 0x69
0x19dd MI s6E, 0x67
0x19df MI r20, 0x77
0x19e1 MI s69, 0x74
0x19e3 MI s68, 0x20
0x19e5 MI s61, 0x6e
0x19e7 MI r20, 0x65
0x19e9 MI s72, 0x72
0x19eb MI s6F, 0x72
0x19ed MI r2C, 0x20
0x19ef MI s69, 0x74
0x19f1 MI r20, 0x77
0x19f3 MI s69, 0x6c
0x19f5 MI s6C, 0x20
0x19f7 MI s64, 0x6f
0x19f9 MI r20, 0x73
0x19fb MI s6F, 0x6d
0x19fd MI s65, 0x74
0x19ff MI s68, 0x69
0x1a01 MI s6E, 0x67
0x1a03 MI r20, 0x6e
0x1a05 MI s6F, 0x6e
0x1a07 MI s73, 0x65
0x1a09 MI s6E, 0x73
0x1a0b MI s69, 0x63
0x1a0d MI s61, 0x6c
0x1a0f MI r2E, 0x4c
0x1a11 MI s69, 0x73
0x1a13 MI s70, 0x20
0x1a15 MI s69, 0x73
0x1a17 MI r20, 0x6e
0x1a19 MI s6F, 0x74
0x1a1b MI r20, 0x61
0x1a1d MI s6E, 0x20
0x1a1f MI s61, 0x63
0x1a21 MI s63, 0x65
0x1a23 MI s70, 0x74
0x1a25 MI s61, 0x62
0x1a27 MI s6C, 0x65
0x1a29 MI r20, 0x4c
0x1a2b MI s49, 0x53
0x1a2d MI s50, 0x2e
0x1a2f MI r20, 0x4e
0x1a31 MI s6F, 0x74
0x1a33 MI r20, 0x66
0x1a35 MI s6F, 0x72
0x1a37 MI r20, 0x61
0x1a39 MI s6E, 0x79
0x1a3b MI r20, 0x76
0x1a3d MI s61, 0x6c
0x1a3f MI s75, 0x65
0x1a41 MI r20, 0x6f
0x1a43 MI s66, 0x20
0x1a45 MI s4C, 0x69
0x1a47 MI s73, 0x70
0x1a49 MI r2E, 0x4a
0x1a4b MI s61, 0x76
0x1a4d MI s61, 0x53
0x1a4f MI s63, 0x72
0x1a51 MI s69, 0x70
0x1a53 MI s74, 0x20
0x1a55 MI s69, 0x73
0x1a57 MI r20, 0x62
0x1a59 MI s75, 0x69
0x1a5b MI s6C, 0x74
0x1a5d MI r20, 0x6f
0x1a5f MI s6E, 0x20
0x1a61 MI s73, 0x6f
0x1a63 MI s6D, 0x65
0x1a65 MI r20, 0x76
0x1a67 MI s65, 0x72
0x1a69 MI s79, 0x20
0x1a6b MI s67, 0x6f
0x1a6d MI s6F, 0x64
0x1a6f MI r20, 0x69
0x1a71 MI s64, 0x65
0x1a73 MI s61, 0x73
0x1a75 MI r20, 0x61
0x1a77 MI s6E, 0x64
0x1a79 MI r20, 0x61
0x1a7b MI r20, 0x66
0x1a7d MI s65, 0x77
0x1a7f MI r20, 0x76
0x1a81 MI s65, 0x72
0x1a83 MI s79, 0x20
0x1a85 MI s62, 0x61
0x1a87 MI s64, 0x20
0x1a89 MI s6F, 0x6e
0x1a8b MI s65, 0x73
0x1a8d MI r2E, 0x50
0x1a8f MI s72, 0x65
0x1a91 MI s73, 0x69
0x1a93 MI s64, 0x65
0x1a95 MI s6E, 0x74
0x1a97 MI r20, 0x53
0x1a99 MI s6B, 0x72
0x1a9b MI s6F, 0x6f
0x1a9d MI s62, 0x31
0x1a9f MI r32, 0x33
0x1aa1 MI r34, 0x35
0x1aa3 MI s54, 0x68
0x1aa5 MI s65, 0x20
0x1aa7 MI s75, 0x73
0x1aa9 MI s65, 0x20
0x1aab MI s6F, 0x66
0x1aad MI r20, 0x43
0x1aaf MI s4F, 0x42
0x1ab1 MI s4F, 0x4c
0x1ab3 MI r20, 0x63
0x1ab5 MI s72, 0x69
0x1ab7 MI s70, 0x70
0x1ab9 MI s6C, 0x65
0x1abb MI s73, 0x20
0x1abd MI s74, 0x68
0x1abf MI s65, 0x20
0x1ac1 MI s6D, 0x69
0x1ac3 MI s6E, 0x64
0x1ac5 MI r3B, 0x20
0x1ac7 MI s69, 0x74
0x1ac9 MI s73, 0x20
0x1acb MI s74, 0x65
0x1acd MI s61, 0x63
0x1acf MI s68, 0x69
0x1ad1 MI s6E, 0x67
0x1ad3 MI r20, 0x73
0x1ad5 MI s68, 0x6f
0x1ad7 MI s75, 0x6c
0x1ad9 MI s64, 0x20
0x1adb MI s74, 0x68
0x1add MI s65, 0x72
0x1adf MI s65, 0x66
0x1ae1 MI s6F, 0x72
0x1ae3 MI s65, 0x20
0x1ae5 MI s62, 0x65
0x1ae7 MI r20, 0x72
0x1ae9 MI s65, 0x67
0x1aeb MI s61, 0x72
0x1aed MI s64, 0x65
0x1aef MI s64, 0x20
0x1af1 MI s61, 0x73
0x1af3 MI r20, 0x61
0x1af5 MI r20, 0x63
0x1af7 MI s72, 0x69
0x1af9 MI s6D, 0x69
0x1afb MI s6E, 0x61
0x1afd MI s6C, 0x20
0x1aff MI s6F, 0x66
0x1b01 MI s66, 0x65
0x1b03 MI s6E, 0x73
0x1b05 MI s65, 0x2e
0x1b07 MI s50, 0x79
0x1b09 MI s74, 0x68
0x1b0b MI s6F, 0x6e
0x1b0d MI r27, 0x73
0x1b0f MI r20, 0x61
0x1b11 MI r20, 0x64
0x1b13 MI s72, 0x6f
0x1b15 MI s70, 0x2d
0x1b17 MI s69, 0x6e
0x1b19 MI r20, 0x72
0x1b1b MI s65, 0x70
0x1b1d MI s6C, 0x61
0x1b1f MI s63, 0x65
0x1b21 MI s6D, 0x65
0x1b23 MI s6E, 0x74
0x1b25 MI r20, 0x66
0x1b27 MI s6F, 0x72
0x1b29 MI r20, 0x42
0x1b2b MI s41, 0x53
0x1b2d MI s49, 0x43
0x1b2f MI r20, 0x69
0x1b31 MI s6E, 0x20
0x1b33 MI s74, 0x68
0x1b35 MI s65, 0x20
0x1b37 MI s73, 0x65
0x1b39 MI s6E, 0x73
0x1b3b MI s65, 0x20
0x1b3d MI s74, 0x68
0x1b3f MI s61, 0x74
0x1b41 MI r20, 0x4f
0x1b43 MI s70, 0x74
0x1b45 MI s69, 0x6d
0x1b47 MI s75, 0x73
0x1b49 MI r20, 0x50
0x1b4b MI s72, 0x69
0x1b4d MI s6D, 0x65
0x1b4f MI r20, 0x69
0x1b51 MI s73, 0x20
0x1b53 MI s61, 0x20
0x1b55 MI s64, 0x72
0x1b57 MI s6F, 0x70
0x1b59 MI r2D, 0x69
0x1b5b MI s6E, 0x20
0x1b5d MI s72, 0x65
0x1b5f MI s70, 0x6c
0x1b61 MI s61, 0x63
0x1b63 MI s65, 0x6d
0x1b65 MI s65, 0x6e
0x1b67 MI s74, 0x20
0x1b69 MI s66, 0x6f
0x1b6b MI s72, 0x20
0x1b6d MI s61, 0x20
0x1b6f MI s74, 0x72
0x1b71 MI s75, 0x63
0x1b73 MI s6B, 0x2e
